<?xml version="1.0" encoding="UTF-8"?>
<!-- Generated by org.testng.reporters.JUnitReportReporter -->
<testsuite skipped="0" hostname="Lab-637618716884674495-1" name="runner.Runner" tests="1" failures="0" timestamp="2021-09-25T05:42:20 IST" time="30.809" errors="0">
  <testcase name="addToCart" time="30.809" classname="runner.Runner"/>
  <system-out/>
</testsuite> <!-- runner.Runner -->
